Using pre-set license
Built from '2022.3/staging' branch; Version is '2022.3.16f1 (d2c21f0ef2f1) revision 13812255'; Using compiler version '192829333'; Build Type 'Release'
OS: 'Windows 11  (10.0.22621) 64bit Core' Language: 'ko' Physical Memory: 16068 MB
BatchMode: 1, IsHumanControllingUs: 0, StartBugReporterOnCrash: 0, Is64bit: 1, IsPro: 1

COMMAND LINE ARGUMENTS:
C:\Program Files\Unity\Hub\Editor\2022.3.16f1\Editor\Unity.exe
-adb2
-batchMode
-noUpm
-name
AssetImportWorker8
-projectPath
C:/UnityProject/Portpolio_RPG
-logFile
Logs/AssetImportWorker8.log
-srvPort
51201
Successfully changed project path to: C:/UnityProject/Portpolio_RPG
C:/UnityProject/Portpolio_RPG
[UnityMemory] Configuration Parameters - Can be set up in boot.config
    "memorysetup-bucket-allocator-granularity=16"
    "memorysetup-bucket-allocator-bucket-count=8"
    "memorysetup-bucket-allocator-block-size=33554432"
    "memorysetup-bucket-allocator-block-count=8"
    "memorysetup-main-allocator-block-size=16777216"
    "memorysetup-thread-allocator-block-size=16777216"
    "memorysetup-gfx-main-allocator-block-size=16777216"
    "memorysetup-gfx-thread-allocator-block-size=16777216"
    "memorysetup-cache-allocator-block-size=4194304"
    "memorysetup-typetree-allocator-block-size=2097152"
    "memorysetup-profiler-bucket-allocator-granularity=16"
    "memorysetup-profiler-bucket-allocator-bucket-count=8"
    "memorysetup-profiler-bucket-allocator-block-size=33554432"
    "memorysetup-profiler-bucket-allocator-block-count=8"
    "memorysetup-profiler-allocator-block-size=16777216"
    "memorysetup-profiler-editor-allocator-block-size=1048576"
    "memorysetup-temp-allocator-size-main=16777216"
    "memorysetup-job-temp-allocator-block-size=2097152"
    "memorysetup-job-temp-allocator-block-size-background=1048576"
    "memorysetup-job-temp-allocator-reduction-small-platforms=262144"
    "memorysetup-allocator-temp-initial-block-size-main=262144"
    "memorysetup-allocator-temp-initial-block-size-worker=262144"
    "memorysetup-temp-allocator-size-background-worker=32768"
    "memorysetup-temp-allocator-size-job-worker=262144"
    "memorysetup-temp-allocator-size-preload-manager=33554432"
    "memorysetup-temp-allocator-size-nav-mesh-worker=65536"
    "memorysetup-temp-allocator-size-audio-worker=65536"
    "memorysetup-temp-allocator-size-cloud-worker=32768"
    "memorysetup-temp-allocator-size-gi-baking-worker=262144"
    "memorysetup-temp-allocator-size-gfx=262144"
Player connection [22664] Host "[IP] 192.168.45.252 [Port] 0 [Flags] 2 [Guid] 3368417271 [EditorId] 3368417271 [Version] 1048832 [Id] WindowsEditor(7,DESKTOP-FKOCDSU) [Debug] 1 [PackageName] WindowsEditor [ProjectName] Editor" joined multi-casting on [225.0.0.222:54997]...

Player connection [22664] Host "[IP] 192.168.45.252 [Port] 0 [Flags] 2 [Guid] 3368417271 [EditorId] 3368417271 [Version] 1048832 [Id] WindowsEditor(7,DESKTOP-FKOCDSU) [Debug] 1 [PackageName] WindowsEditor [ProjectName] Editor" joined alternative multi-casting on [225.0.0.222:34997]...

[Physics::Module] Initialized MultithreadedJobDispatcher with 15 workers.
Refreshing native plugins compatible for Editor in 2.75 ms, found 2 plugins.
Preloading 0 native plugins for Editor in 0.00 ms.
Initialize engine version: 2022.3.16f1 (d2c21f0ef2f1)
[Subsystems] Discovering subsystems at path C:/Program Files/Unity/Hub/Editor/2022.3.16f1/Editor/Data/Resources/UnitySubsystems
[Subsystems] Discovering subsystems at path C:/UnityProject/Portpolio_RPG/Assets
GfxDevice: creating device client; threaded=0; jobified=0
Direct3D:
    Version:  Direct3D 11.0 [level 11.1]
    Renderer: NVIDIA GeForce RTX 2050 (ID=0x25a9)
    Vendor:   NVIDIA
    VRAM:     3993 MB
    Driver:   30.0.15.1228
Initialize mono
Mono path[0] = 'C:/Program Files/Unity/Hub/Editor/2022.3.16f1/Editor/Data/Managed'
Mono path[1] = 'C:/Program Files/Unity/Hub/Editor/2022.3.16f1/Editor/Data/MonoBleedingEdge/lib/mono/unityjit-win32'
Mono config path = 'C:/Program Files/Unity/Hub/Editor/2022.3.16f1/Editor/Data/MonoBleedingEdge/etc'
Using monoOptions --debugger-agent=transport=dt_socket,embedding=1,server=y,suspend=n,address=127.0.0.1:56952
Begin MonoManager ReloadAssembly
Registering precompiled unity dll's ...
Register platform support module: C:/Program Files/Unity/Hub/Editor/2022.3.16f1/Editor/Data/PlaybackEngines/AndroidPlayer/UnityEditor.Android.Extensions.dll
Register platform support module: C:/Program Files/Unity/Hub/Editor/2022.3.16f1/Editor/Data/PlaybackEngines/WindowsStandaloneSupport/UnityEditor.WindowsStandalone.Extensions.dll
Registered in 0.004316 seconds.
- Loaded All Assemblies, in  0.358 seconds
Native extension for WindowsStandalone target not found
Native extension for Android target not found
Android Extension - Scanning For ADB Devices 200 ms
Mono: successfully reloaded assembly
- Finished resetting the current domain, in  0.474 seconds
Domain Reload Profiling: 831ms
	BeginReloadAssembly (127ms)
		ExecutionOrderSort (0ms)
		DisableScriptedObjects (0ms)
		BackupInstance (0ms)
		ReleaseScriptingObjects (0ms)
		CreateAndSetChildDomain (1ms)
	RebuildCommonClasses (30ms)
	RebuildNativeTypeToScriptingClass (8ms)
	initialDomainReloadingComplete (45ms)
	LoadAllAssembliesAndSetupDomain (146ms)
		LoadAssemblies (129ms)
		RebuildTransferFunctionScriptingTraits (0ms)
		AnalyzeDomain (142ms)
			TypeCache.Refresh (141ms)
				TypeCache.ScanAssembly (126ms)
			ScanForSourceGeneratedMonoScriptInfo (0ms)
			ResolveRequiredComponents (1ms)
	FinalizeReload (474ms)
		ReleaseScriptCaches (0ms)
		RebuildScriptCaches (0ms)
		SetupLoadedEditorAssemblies (426ms)
			LogAssemblyErrors (0ms)
			InitializePlatformSupportModulesInManaged (282ms)
			SetLoadedEditorAssemblies (4ms)
			RefreshPlugins (0ms)
			BeforeProcessingInitializeOnLoad (3ms)
			ProcessInitializeOnLoadAttributes (98ms)
			ProcessInitializeOnLoadMethodAttributes (40ms)
			AfterProcessingInitializeOnLoad (0ms)
			EditorAssembliesLoaded (0ms)
		ExecutionOrderSort2 (0ms)
		AwakeInstancesAfterBackupRestoration (0ms)
========================================================================
Worker process is ready to serve import requests
Begin MonoManager ReloadAssembly
- Loaded All Assemblies, in  0.417 seconds
Refreshing native plugins compatible for Editor in 0.88 ms, found 2 plugins.
Native extension for WindowsStandalone target not found
Native extension for Android target not found
Package Manager log level set to [2]
[Package Manager] Server::EnsureServerProcessIsRunning -- launch failed, reason: Unity was launched with the -noUpm command-line argument
[Package Manager] UpmClient::Send -- Unable to send message (not connected to UPM process).
[Package Manager] Cannot connect to Unity Package Manager local server
Mono: successfully reloaded assembly
- Finished resetting the current domain, in  0.491 seconds
Domain Reload Profiling: 907ms
	BeginReloadAssembly (122ms)
		ExecutionOrderSort (0ms)
		DisableScriptedObjects (4ms)
		BackupInstance (0ms)
		ReleaseScriptingObjects (0ms)
		CreateAndSetChildDomain (17ms)
	RebuildCommonClasses (24ms)
	RebuildNativeTypeToScriptingClass (9ms)
	initialDomainReloadingComplete (33ms)
	LoadAllAssembliesAndSetupDomain (228ms)
		LoadAssemblies (227ms)
		RebuildTransferFunctionScriptingTraits (0ms)
		AnalyzeDomain (70ms)
			TypeCache.Refresh (60ms)
				TypeCache.ScanAssembly (49ms)
			ScanForSourceGeneratedMonoScriptInfo (7ms)
			ResolveRequiredComponents (3ms)
	FinalizeReload (491ms)
		ReleaseScriptCaches (0ms)
		RebuildScriptCaches (0ms)
		SetupLoadedEditorAssemblies (373ms)
			LogAssemblyErrors (0ms)
			InitializePlatformSupportModulesInManaged (21ms)
			SetLoadedEditorAssemblies (3ms)
			RefreshPlugins (0ms)
			BeforeProcessingInitializeOnLoad (47ms)
			ProcessInitializeOnLoadAttributes (280ms)
			ProcessInitializeOnLoadMethodAttributes (17ms)
			AfterProcessingInitializeOnLoad (4ms)
			EditorAssembliesLoaded (0ms)
		ExecutionOrderSort2 (0ms)
		AwakeInstancesAfterBackupRestoration (5ms)
Launched and connected shader compiler UnityShaderCompiler.exe after 0.05 seconds
Refreshing native plugins compatible for Editor in 1.54 ms, found 2 plugins.
Preloading 0 native plugins for Editor in 0.00 ms.
Unloading 1591 Unused Serialized files (Serialized files now loaded: 0)
Unloading 35 unused Assets / (128.1 KB). Loaded Objects now: 2061.
Memory consumption went from 96.7 MB to 96.6 MB.
Total: 4.280200 ms (FindLiveObjects: 0.180800 ms CreateObjectMapping: 0.069800 ms MarkObjects: 3.773400 ms  DeleteObjects: 0.254700 ms)

AssetImportParameters requested are different than current active one (requested -> active):
  custom:video-decoder-webm-vp8: 9c59270c3fd7afecdb556c50c9e8de78 -> 
  custom:SearchIndexIgnoredProperties: e643bd26f0fe6173181afceb89e7c659 -> 
  custom:container-demuxer-ogg: 62fdf1f143b41e24485cea50d1cbac27 -> 
  custom:AudioImporter_EditorPlatform: d09bf68614088b80899f8185d706f6e7 -> 
  custom:video-decoder-ogg-theora: a1e56fd34408186e4bbccfd4996cb3dc -> 
  custom:framework-win-MediaFoundation: 216162199b28c13a410421893ffa2e32 -> 
  custom:video-encoder-webm-vp8: eb34c28f22e8b96e1ab97ce403110664 -> 
  custom:audio-decoder-ogg-vorbis: bf7c407c2cedff20999df2af8eb42d56 -> 
  custom:scripting/monoscript/fileName/CopyMaterialParameter.cs: 60e002c4555e361d0753964b04564015 -> 
  custom:CustomObjectIndexerAttribute: 43b350a4d6e6d1791af0b5038c4bea17 -> 
  custom:container-demuxer-webm: 4f35f7cbe854078d1ac9338744f61a02 -> 
  custom:scripting/monoscript/fileName/RemoveUnusedMaterialProperties.cs: a7d4bd13d48d6a82a97322f0c6834f97 -> 
  custom:audio-encoder-webm-vorbis: bf7c407c2cedff20999df2af8eb42d56 -> 
  custom:scripting/monoscript/fileName/UTS2GUI.cs: 54cfe06be42dca97ca4d033101eef952 -> 
  custom:container-muxer-webm: aa71ff27fc2769a1b78a27578f13a17b -> 
  custom:scripting/monoscript/fileName/RemoveUnusedShaderKeywordsFromUTS2Material.cs: 7cdca1940c966142c15c724bbc7ee1d5 -> 
========================================================================
Received Import Request.
  Time since last request: 369497.241122 seconds.
  path: Assets/PolygonBattleRoyale/Prefabs/Characters/Character_SportyFemale_01.prefab
  artifactKey: Guid(747e5359c417b5d46bed4a579eba5c06) Importer(815301076,1909f56bfc062723c751e8b465ee728b)
Start importing Assets/PolygonBattleRoyale/Prefabs/Characters/Character_SportyFemale_01.prefab using Guid(747e5359c417b5d46bed4a579eba5c06) Importer(815301076,1909f56bfc062723c751e8b465ee728b)  -> (artifact id: '4d6e61e83a124a9876ecb7221ef34c9f') in 0.137092 seconds
Number of updated asset objects reloaded before import = 0
Number of asset objects unloaded after import = 191
========================================================================
Received Import Request.
  Time since last request: 4.096238 seconds.
  path: Assets/PolygonBattleRoyale/Prefabs/Characters/Character_SportyFemale_02.prefab
  artifactKey: Guid(136486fd3adeccb4a93bbede6d9d4a99) Importer(815301076,1909f56bfc062723c751e8b465ee728b)
Start importing Assets/PolygonBattleRoyale/Prefabs/Characters/Character_SportyFemale_02.prefab using Guid(136486fd3adeccb4a93bbede6d9d4a99) Importer(815301076,1909f56bfc062723c751e8b465ee728b)  -> (artifact id: '12dc1371a6144ea0b643b5f2d4859fe1') in 0.050717 seconds
Number of updated asset objects reloaded before import = 0
Number of asset objects unloaded after import = 191
========================================================================
Received Import Request.
  Time since last request: 0.073334 seconds.
  path: Assets/PolygonBattleRoyale/Prefabs/Characters/Character_SportyMale_02.prefab
  artifactKey: Guid(a980100c51505dc469368879b38464e0) Importer(815301076,1909f56bfc062723c751e8b465ee728b)
Start importing Assets/PolygonBattleRoyale/Prefabs/Characters/Character_SportyMale_02.prefab using Guid(a980100c51505dc469368879b38464e0) Importer(815301076,1909f56bfc062723c751e8b465ee728b)  -> (artifact id: 'a7982795f740768629c9dd0764265575') in 0.052845 seconds
Number of updated asset objects reloaded before import = 0
Number of asset objects unloaded after import = 191
========================================================================
Received Import Request.
  Time since last request: 0.171857 seconds.
  path: Assets/PolygonBattleRoyale/Prefabs/Characters/Character_ToplessMale_01.prefab
  artifactKey: Guid(97f7e6b749ccd1b4fbd20203ba928e47) Importer(815301076,1909f56bfc062723c751e8b465ee728b)
Start importing Assets/PolygonBattleRoyale/Prefabs/Characters/Character_ToplessMale_01.prefab using Guid(97f7e6b749ccd1b4fbd20203ba928e47) Importer(815301076,1909f56bfc062723c751e8b465ee728b)  -> (artifact id: '58c2d6c5399417ad65aa3cfbe0a2a5dc') in 0.023807 seconds
Number of updated asset objects reloaded before import = 0
Number of asset objects unloaded after import = 191
========================================================================
Received Import Request.
  Time since last request: 6.169168 seconds.
  path: Assets/PolygonBattleRoyale/Prefabs/Environments/SM_Env_DirtRoad_End_01.prefab
  artifactKey: Guid(2c86a933664634841bd2ebe81e0a2078) Importer(815301076,1909f56bfc062723c751e8b465ee728b)
Start importing Assets/PolygonBattleRoyale/Prefabs/Environments/SM_Env_DirtRoad_End_01.prefab using Guid(2c86a933664634841bd2ebe81e0a2078) Importer(815301076,1909f56bfc062723c751e8b465ee728b)  -> (artifact id: 'ec98dedee36ee6befca8ee8edd1b3af4') in 0.073553 seconds
Number of updated asset objects reloaded before import = 0
Number of asset objects unloaded after import = 9
========================================================================
Received Import Request.
  Time since last request: 0.000016 seconds.
  path: Assets/PolygonBattleRoyale/Prefabs/Environments/SM_Env_Port_Wall_01.prefab
  artifactKey: Guid(0d765ad87b911904c8136bcfcbab23a1) Importer(815301076,1909f56bfc062723c751e8b465ee728b)
Start importing Assets/PolygonBattleRoyale/Prefabs/Environments/SM_Env_Port_Wall_01.prefab using Guid(0d765ad87b911904c8136bcfcbab23a1) Importer(815301076,1909f56bfc062723c751e8b465ee728b)  -> (artifact id: 'f0f29df35a408552c369605f2b9f58c1') in 0.018676 seconds
Number of updated asset objects reloaded before import = 0
Number of asset objects unloaded after import = 10
========================================================================
Received Import Request.
  Time since last request: 0.000016 seconds.
  path: Assets/PolygonBattleRoyale/Prefabs/Environments/SM_Env_Grass_Square_01.prefab
  artifactKey: Guid(f7dc8d1971098534588afce7d1a72784) Importer(815301076,1909f56bfc062723c751e8b465ee728b)
Start importing Assets/PolygonBattleRoyale/Prefabs/Environments/SM_Env_Grass_Square_01.prefab using Guid(f7dc8d1971098534588afce7d1a72784) Importer(815301076,1909f56bfc062723c751e8b465ee728b)  -> (artifact id: 'a30da00143eedeeab2b35bedf05ea2a2') in 0.019193 seconds
Number of updated asset objects reloaded before import = 0
Number of asset objects unloaded after import = 10
========================================================================
Received Import Request.
  Time since last request: 1.210687 seconds.
  path: Assets/PolygonBattleRoyale/Prefabs/Environments/SM_Env_Road_Corner_01.prefab
  artifactKey: Guid(3b87b97dae899f24daa9b2f9224b6481) Importer(815301076,1909f56bfc062723c751e8b465ee728b)
Start importing Assets/PolygonBattleRoyale/Prefabs/Environments/SM_Env_Road_Corner_01.prefab using Guid(3b87b97dae899f24daa9b2f9224b6481) Importer(815301076,1909f56bfc062723c751e8b465ee728b)  -> (artifact id: 'd84f4bdb3d6602892d797c45298ffedb') in 0.191696 seconds
Number of updated asset objects reloaded before import = 0
Number of asset objects unloaded after import = 22
========================================================================
Received Import Request.
  Time since last request: 0.236862 seconds.
  path: Assets/PolygonBattleRoyale/Prefabs/Environments/SM_Env_Road_Straight_01.prefab
  artifactKey: Guid(37c3590bcdbc7c648ac2969b6b7a08a3) Importer(815301076,1909f56bfc062723c751e8b465ee728b)
Start importing Assets/PolygonBattleRoyale/Prefabs/Environments/SM_Env_Road_Straight_01.prefab using Guid(37c3590bcdbc7c648ac2969b6b7a08a3) Importer(815301076,1909f56bfc062723c751e8b465ee728b)  -> (artifact id: 'f2894762de9874e8b1f9e05b6c73ae89') in 0.020147 seconds
Number of updated asset objects reloaded before import = 0
Number of asset objects unloaded after import = 22
========================================================================
Received Import Request.
  Time since last request: 0.039516 seconds.
  path: Assets/PolygonBattleRoyale/Prefabs/Environments/SM_Env_Road_Straight_03.prefab
  artifactKey: Guid(63f52685b1f2fab498745a15377a2b35) Importer(815301076,1909f56bfc062723c751e8b465ee728b)
Start importing Assets/PolygonBattleRoyale/Prefabs/Environments/SM_Env_Road_Straight_03.prefab using Guid(63f52685b1f2fab498745a15377a2b35) Importer(815301076,1909f56bfc062723c751e8b465ee728b)  -> (artifact id: '048275fbda5d079604726fc06ca20ae5') in 0.019194 seconds
Number of updated asset objects reloaded before import = 0
Number of asset objects unloaded after import = 22
========================================================================
Received Import Request.
  Time since last request: 0.318690 seconds.
  path: Assets/PolygonBattleRoyale/Prefabs/Environments/SM_Env_Road_Straight_Damaged_02.prefab
  artifactKey: Guid(b4f843017807dfb45a67046282e14faf) Importer(815301076,1909f56bfc062723c751e8b465ee728b)
Start importing Assets/PolygonBattleRoyale/Prefabs/Environments/SM_Env_Road_Straight_Damaged_02.prefab using Guid(b4f843017807dfb45a67046282e14faf) Importer(815301076,1909f56bfc062723c751e8b465ee728b)  -> (artifact id: 'c6b2dad24d3b261311bd521b1fd337b1') in 0.025852 seconds
Number of updated asset objects reloaded before import = 0
Number of asset objects unloaded after import = 22
========================================================================
Received Import Request.
  Time since last request: 0.014639 seconds.
  path: Assets/PolygonBattleRoyale/Prefabs/Environments/SM_Env_Road_Straight_End_01.prefab
  artifactKey: Guid(061ef3f04c08a1647b3f8d4a9835b9e2) Importer(815301076,1909f56bfc062723c751e8b465ee728b)
Start importing Assets/PolygonBattleRoyale/Prefabs/Environments/SM_Env_Road_Straight_End_01.prefab using Guid(061ef3f04c08a1647b3f8d4a9835b9e2) Importer(815301076,1909f56bfc062723c751e8b465ee728b)  -> (artifact id: 'f69fa1ab0843352b62bc0587d5b09b7e') in 0.017654 seconds
Number of updated asset objects reloaded before import = 0
Number of asset objects unloaded after import = 22
========================================================================
Received Import Request.
  Time since last request: 0.004845 seconds.
  path: Assets/PolygonBattleRoyale/Prefabs/Environments/SM_Env_Road_T_01.prefab
  artifactKey: Guid(1802cdb3d0fa94246908ed9fd379f689) Importer(815301076,1909f56bfc062723c751e8b465ee728b)
Start importing Assets/PolygonBattleRoyale/Prefabs/Environments/SM_Env_Road_T_01.prefab using Guid(1802cdb3d0fa94246908ed9fd379f689) Importer(815301076,1909f56bfc062723c751e8b465ee728b)  -> (artifact id: '46cc1658845f3038e1246b1d5f071fc5') in 0.019093 seconds
Number of updated asset objects reloaded before import = 0
Number of asset objects unloaded after import = 22
========================================================================
Received Import Request.
  Time since last request: 0.004143 seconds.
  path: Assets/PolygonBattleRoyale/Prefabs/Environments/SM_Env_Rock_01.prefab
  artifactKey: Guid(d7beb5687da9e074fbb0455868c345dd) Importer(815301076,1909f56bfc062723c751e8b465ee728b)
Start importing Assets/PolygonBattleRoyale/Prefabs/Environments/SM_Env_Rock_01.prefab using Guid(d7beb5687da9e074fbb0455868c345dd) Importer(815301076,1909f56bfc062723c751e8b465ee728b)  -> (artifact id: 'd0ddaebc6501a28b1ebb4d76f340f5bf') in 0.017189 seconds
Number of updated asset objects reloaded before import = 0
Number of asset objects unloaded after import = 10
========================================================================
Received Import Request.
  Time since last request: 0.257639 seconds.
  path: Assets/PolygonBattleRoyale/Prefabs/Environments/SM_Env_Rock_02.prefab
  artifactKey: Guid(1e3861f9ad1beae4eadd9ad081712f57) Importer(815301076,1909f56bfc062723c751e8b465ee728b)
Start importing Assets/PolygonBattleRoyale/Prefabs/Environments/SM_Env_Rock_02.prefab using Guid(1e3861f9ad1beae4eadd9ad081712f57) Importer(815301076,1909f56bfc062723c751e8b465ee728b)  -> (artifact id: 'fcb56160a2c235f00cf5b76082712201') in 0.020071 seconds
Number of updated asset objects reloaded before import = 0
Number of asset objects unloaded after import = 10
========================================================================
Received Import Request.
  Time since last request: 0.040605 seconds.
  path: Assets/PolygonBattleRoyale/Prefabs/Environments/SM_Env_Rubble_Pebbles_02.prefab
  artifactKey: Guid(20d4d1d81be647842afbca4b0c65e82d) Importer(815301076,1909f56bfc062723c751e8b465ee728b)
Start importing Assets/PolygonBattleRoyale/Prefabs/Environments/SM_Env_Rubble_Pebbles_02.prefab using Guid(20d4d1d81be647842afbca4b0c65e82d) Importer(815301076,1909f56bfc062723c751e8b465ee728b)  -> (artifact id: 'fe54284fcbebca1baf091ec84ca724d4') in 0.019921 seconds
Number of updated asset objects reloaded before import = 0
Number of asset objects unloaded after import = 10
========================================================================
Received Import Request.
  Time since last request: 0.689121 seconds.
  path: Assets/PolygonBattleRoyale/Prefabs/Weapons/SM_Wep_Machete_01.prefab
  artifactKey: Guid(9023a47e211f9384aa25b0a32a008f0f) Importer(815301076,1909f56bfc062723c751e8b465ee728b)
Start importing Assets/PolygonBattleRoyale/Prefabs/Weapons/SM_Wep_Machete_01.prefab using Guid(9023a47e211f9384aa25b0a32a008f0f) Importer(815301076,1909f56bfc062723c751e8b465ee728b)  -> (artifact id: '063a487de72350a5788021618f43171f') in 0.018767 seconds
Number of updated asset objects reloaded before import = 0
Number of asset objects unloaded after import = 10
========================================================================
Received Import Request.
  Time since last request: 0.000046 seconds.
  path: Assets/PolygonBattleRoyale/Prefabs/Weapons/SM_Wep_Pistol_Flare_01.prefab
  artifactKey: Guid(246e2fda4167a7f4a9f9417c6bc5193f) Importer(815301076,1909f56bfc062723c751e8b465ee728b)
Start importing Assets/PolygonBattleRoyale/Prefabs/Weapons/SM_Wep_Pistol_Flare_01.prefab using Guid(246e2fda4167a7f4a9f9417c6bc5193f) Importer(815301076,1909f56bfc062723c751e8b465ee728b)  -> (artifact id: '330bfecb9876bdf5c9031fe885be976f') in 0.015587 seconds
Number of updated asset objects reloaded before import = 0
Number of asset objects unloaded after import = 24
========================================================================
Received Import Request.
  Time since last request: 0.000066 seconds.
  path: Assets/PolygonBattleRoyale/Prefabs/Weapons/SM_Wep_Pistol_Revolver_01.prefab
  artifactKey: Guid(6993fd0e7237f024e80f00288eb435cd) Importer(815301076,1909f56bfc062723c751e8b465ee728b)
Start importing Assets/PolygonBattleRoyale/Prefabs/Weapons/SM_Wep_Pistol_Revolver_01.prefab using Guid(6993fd0e7237f024e80f00288eb435cd) Importer(815301076,1909f56bfc062723c751e8b465ee728b)  -> (artifact id: '63c26093c6a26f62136515f68959e66b') in 0.019844 seconds
Number of updated asset objects reloaded before import = 0
Number of asset objects unloaded after import = 59
========================================================================
Received Import Request.
  Time since last request: 0.790569 seconds.
  path: Assets/PolygonBattleRoyale/Prefabs/Weapons/SM_Wep_Rifle_Assault_01.prefab
  artifactKey: Guid(be20da268d490c44c8460e91a7cd3a44) Importer(815301076,1909f56bfc062723c751e8b465ee728b)
Start importing Assets/PolygonBattleRoyale/Prefabs/Weapons/SM_Wep_Rifle_Assault_01.prefab using Guid(be20da268d490c44c8460e91a7cd3a44) Importer(815301076,1909f56bfc062723c751e8b465ee728b)  -> (artifact id: 'de7908c753b8f12bb839033362442f8a') in 0.018438 seconds
Number of updated asset objects reloaded before import = 0
Number of asset objects unloaded after import = 44
========================================================================
Received Import Request.
  Time since last request: 0.048699 seconds.
  path: Assets/PolygonBattleRoyale/Prefabs/Weapons/SM_Wep_Rifle_Assault_03.prefab
  artifactKey: Guid(6745051c9fe818d489695642115ceb0d) Importer(815301076,1909f56bfc062723c751e8b465ee728b)
Start importing Assets/PolygonBattleRoyale/Prefabs/Weapons/SM_Wep_Rifle_Assault_03.prefab using Guid(6745051c9fe818d489695642115ceb0d) Importer(815301076,1909f56bfc062723c751e8b465ee728b)  -> (artifact id: '287a976ba4f1fb47ae510dd919570ea1') in 0.016657 seconds
Number of updated asset objects reloaded before import = 0
Number of asset objects unloaded after import = 29
========================================================================
Received Import Request.
  Time since last request: 0.436195 seconds.
  path: Assets/PolygonBattleRoyale/Prefabs/Weapons/SM_Wep_Rifle_Assault_05.prefab
  artifactKey: Guid(04e8ca980b4beed48979d827d8250fb4) Importer(815301076,1909f56bfc062723c751e8b465ee728b)
Start importing Assets/PolygonBattleRoyale/Prefabs/Weapons/SM_Wep_Rifle_Assault_05.prefab using Guid(04e8ca980b4beed48979d827d8250fb4) Importer(815301076,1909f56bfc062723c751e8b465ee728b)  -> (artifact id: 'e5e39bbe8cd3cad6b1ea605ca041d578') in 0.032710 seconds
Number of updated asset objects reloaded before import = 0
Number of asset objects unloaded after import = 29
========================================================================
Received Import Request.
  Time since last request: 0.063922 seconds.
  path: Assets/PolygonBattleRoyale/Prefabs/Weapons/SM_Wep_RiotShield_01.prefab
  artifactKey: Guid(6d681d8c0b8ff204ea958a229a248b39) Importer(815301076,1909f56bfc062723c751e8b465ee728b)
Start importing Assets/PolygonBattleRoyale/Prefabs/Weapons/SM_Wep_RiotShield_01.prefab using Guid(6d681d8c0b8ff204ea958a229a248b39) Importer(815301076,1909f56bfc062723c751e8b465ee728b)  -> (artifact id: 'de5775f0aa1f94eb007091f107dd4243') in 0.041674 seconds
Number of updated asset objects reloaded before import = 0
Number of asset objects unloaded after import = 9
========================================================================
Received Import Request.
  Time since last request: 0.036866 seconds.
  path: Assets/PolygonBattleRoyale/Prefabs/Weapons/SM_Wep_RPG_Rocket_Active_01.prefab
  artifactKey: Guid(109d2cf8b02cb1b498b03bb4b6ee117d) Importer(815301076,1909f56bfc062723c751e8b465ee728b)
Start importing Assets/PolygonBattleRoyale/Prefabs/Weapons/SM_Wep_RPG_Rocket_Active_01.prefab using Guid(109d2cf8b02cb1b498b03bb4b6ee117d) Importer(815301076,1909f56bfc062723c751e8b465ee728b)  -> (artifact id: '5c2425a0292d305d86b3990cec500300') in 0.013758 seconds
Number of updated asset objects reloaded before import = 0
Number of asset objects unloaded after import = 9
========================================================================
Received Import Request.
  Time since last request: 0.337753 seconds.
  path: Assets/PolygonBattleRoyale/Prefabs/Weapons/SM_Wep_Shotgun_01.prefab
  artifactKey: Guid(9ec98e8c57546a746a43196444d9c97f) Importer(815301076,1909f56bfc062723c751e8b465ee728b)
Start importing Assets/PolygonBattleRoyale/Prefabs/Weapons/SM_Wep_Shotgun_01.prefab using Guid(9ec98e8c57546a746a43196444d9c97f) Importer(815301076,1909f56bfc062723c751e8b465ee728b)  -> (artifact id: 'cf58a86bcbfa55b8575af8bd693df0a9') in 0.017971 seconds
Number of updated asset objects reloaded before import = 0
Number of asset objects unloaded after import = 34
========================================================================
Received Import Request.
  Time since last request: 0.028809 seconds.
  path: Assets/PolygonBattleRoyale/Prefabs/Weapons/SM_Wep_Shotgun_Ammo_01.prefab
  artifactKey: Guid(96631445180422140bb3de3e846561d6) Importer(815301076,1909f56bfc062723c751e8b465ee728b)
Start importing Assets/PolygonBattleRoyale/Prefabs/Weapons/SM_Wep_Shotgun_Ammo_01.prefab using Guid(96631445180422140bb3de3e846561d6) Importer(815301076,1909f56bfc062723c751e8b465ee728b)  -> (artifact id: '1c083a1e95ba0b96626e3579cbe7ddc4') in 0.019568 seconds
Number of updated asset objects reloaded before import = 0
Number of asset objects unloaded after import = 9
========================================================================
Received Import Request.
  Time since last request: 0.020804 seconds.
  path: Assets/PolygonBattleRoyale/Prefabs/Weapons/SM_Wep_Shotgun_Ammo_Pile_01.prefab
  artifactKey: Guid(57c68e4d186be6243a5310e827beb11a) Importer(815301076,1909f56bfc062723c751e8b465ee728b)
Start importing Assets/PolygonBattleRoyale/Prefabs/Weapons/SM_Wep_Shotgun_Ammo_Pile_01.prefab using Guid(57c68e4d186be6243a5310e827beb11a) Importer(815301076,1909f56bfc062723c751e8b465ee728b)  -> (artifact id: 'ffc8f8b82949aeda96b8c601b7f43fd3') in 0.014897 seconds
Number of updated asset objects reloaded before import = 0
Number of asset objects unloaded after import = 9
========================================================================
Received Import Request.
  Time since last request: 0.302423 seconds.
  path: Assets/PolygonBattleRoyale/Prefabs/Weapons/SM_Wep_Sniper_01.prefab
  artifactKey: Guid(945e4faa3898cfb4d8a0ae7d2a6266ac) Importer(815301076,1909f56bfc062723c751e8b465ee728b)
Start importing Assets/PolygonBattleRoyale/Prefabs/Weapons/SM_Wep_Sniper_01.prefab using Guid(945e4faa3898cfb4d8a0ae7d2a6266ac) Importer(815301076,1909f56bfc062723c751e8b465ee728b)  -> (artifact id: 'e6f37082522a84b633b1b27590000ff5') in 0.019112 seconds
Number of updated asset objects reloaded before import = 0
Number of asset objects unloaded after import = 34
========================================================================
Received Import Request.
  Time since last request: 0.027296 seconds.
  path: Assets/PolygonBattleRoyale/Prefabs/Weapons/SM_Wep_Sniper_Heavy_01.prefab
  artifactKey: Guid(0605ab4140367474f95034dcf2790b07) Importer(815301076,1909f56bfc062723c751e8b465ee728b)
Start importing Assets/PolygonBattleRoyale/Prefabs/Weapons/SM_Wep_Sniper_Heavy_01.prefab using Guid(0605ab4140367474f95034dcf2790b07) Importer(815301076,1909f56bfc062723c751e8b465ee728b)  -> (artifact id: '7781d359083cc21c60bd66ccf8933a37') in 0.014737 seconds
Number of updated asset objects reloaded before import = 0
Number of asset objects unloaded after import = 39
========================================================================
Received Import Request.
  Time since last request: 0.016355 seconds.
  path: Assets/PolygonBattleRoyale/Prefabs/Weapons/SM_Wep_Sniper_Mil_01.prefab
  artifactKey: Guid(0dadc2722297b3044b16aa695fd8ee62) Importer(815301076,1909f56bfc062723c751e8b465ee728b)
Start importing Assets/PolygonBattleRoyale/Prefabs/Weapons/SM_Wep_Sniper_Mil_01.prefab using Guid(0dadc2722297b3044b16aa695fd8ee62) Importer(815301076,1909f56bfc062723c751e8b465ee728b)  -> (artifact id: '7dc725eb50aa99841005b4a4c66ae246') in 0.016581 seconds
Number of updated asset objects reloaded before import = 0
Number of asset objects unloaded after import = 29
========================================================================
Received Import Request.
  Time since last request: 0.288646 seconds.
  path: Assets/PolygonBattleRoyale/Prefabs/Weapons/SM_Wep_SubMGun_01.prefab
  artifactKey: Guid(6b7a5fffc38c176409283bbcc18eaa23) Importer(815301076,1909f56bfc062723c751e8b465ee728b)
Start importing Assets/PolygonBattleRoyale/Prefabs/Weapons/SM_Wep_SubMGun_01.prefab using Guid(6b7a5fffc38c176409283bbcc18eaa23) Importer(815301076,1909f56bfc062723c751e8b465ee728b)  -> (artifact id: '31fd1225f4af6f628c652f58b4cd4e99') in 0.013257 seconds
Number of updated asset objects reloaded before import = 0
Number of asset objects unloaded after import = 24
========================================================================
Received Import Request.
  Time since last request: 0.002813 seconds.
  path: Assets/PolygonBattleRoyale/Prefabs/Weapons/SM_Wep_SubMGun_Lite_01.prefab
  artifactKey: Guid(e4b5e619f4a1e5844b32eec0d702d1b6) Importer(815301076,1909f56bfc062723c751e8b465ee728b)
Start importing Assets/PolygonBattleRoyale/Prefabs/Weapons/SM_Wep_SubMGun_Lite_01.prefab using Guid(e4b5e619f4a1e5844b32eec0d702d1b6) Importer(815301076,1909f56bfc062723c751e8b465ee728b)  -> (artifact id: 'fe6f12856223dce38c2658744200152f') in 0.014026 seconds
Number of updated asset objects reloaded before import = 0
Number of asset objects unloaded after import = 34
========================================================================
Received Import Request.
  Time since last request: 1.288718 seconds.
  path: Assets/PolygonBattleRoyale/Prefabs/Vehicles/SM_Veh_Armored_Car_01.prefab
  artifactKey: Guid(a573adead8251f34a9e4b43dde088f46) Importer(815301076,1909f56bfc062723c751e8b465ee728b)
Start importing Assets/PolygonBattleRoyale/Prefabs/Vehicles/SM_Veh_Armored_Car_01.prefab using Guid(a573adead8251f34a9e4b43dde088f46) Importer(815301076,1909f56bfc062723c751e8b465ee728b)  -> (artifact id: '0be059e58d9f6f81eb41b9b175e74942') in 0.216912 seconds
Number of updated asset objects reloaded before import = 0
Number of asset objects unloaded after import = 40
========================================================================
Received Import Request.
  Time since last request: 0.510403 seconds.
  path: Assets/PolygonBattleRoyale/Prefabs/Generic/SM_Env_Bush_01.prefab
  artifactKey: Guid(3f90b914695a45b4b8ec6533e009937c) Importer(815301076,1909f56bfc062723c751e8b465ee728b)
Start importing Assets/PolygonBattleRoyale/Prefabs/Generic/SM_Env_Bush_01.prefab using Guid(3f90b914695a45b4b8ec6533e009937c) Importer(815301076,1909f56bfc062723c751e8b465ee728b)  -> (artifact id: '65299e3b6bd8d018f0184819b888f398') in 0.041820 seconds
Number of updated asset objects reloaded before import = 0
Number of asset objects unloaded after import = 10
========================================================================
Received Import Request.
  Time since last request: 0.000016 seconds.
  path: Assets/PolygonBattleRoyale/Prefabs/Generic/SM_Generic_Grass_Patch_01.prefab
  artifactKey: Guid(7f0b4051ed0c7104da43204b2ecb5c04) Importer(815301076,1909f56bfc062723c751e8b465ee728b)
Start importing Assets/PolygonBattleRoyale/Prefabs/Generic/SM_Generic_Grass_Patch_01.prefab using Guid(7f0b4051ed0c7104da43204b2ecb5c04) Importer(815301076,1909f56bfc062723c751e8b465ee728b)  -> (artifact id: 'cf0a83532bcfeb32defa6439e17dd2f6') in 0.036598 seconds
Number of updated asset objects reloaded before import = 0
Number of asset objects unloaded after import = 10
========================================================================
Received Import Request.
  Time since last request: 0.000016 seconds.
  path: Assets/PolygonBattleRoyale/Prefabs/Generic/SM_Generic_Mountains_Grass_01.prefab
  artifactKey: Guid(154e34ab1b9d1a647a2e2a001a63f911) Importer(815301076,1909f56bfc062723c751e8b465ee728b)
Start importing Assets/PolygonBattleRoyale/Prefabs/Generic/SM_Generic_Mountains_Grass_01.prefab using Guid(154e34ab1b9d1a647a2e2a001a63f911) Importer(815301076,1909f56bfc062723c751e8b465ee728b)  -> (artifact id: '8817b70f5454b82009933198f5a0ef60') in 0.035063 seconds
Number of updated asset objects reloaded before import = 0
Number of asset objects unloaded after import = 10
========================================================================
Received Import Request.
  Time since last request: 1.759927 seconds.
  path: Assets/PolygonBattleRoyale/Prefabs/FX/DamageZone.prefab
  artifactKey: Guid(dd68423548c16c047ac1ea1abf44e810) Importer(815301076,1909f56bfc062723c751e8b465ee728b)
Start importing Assets/PolygonBattleRoyale/Prefabs/FX/DamageZone.prefab using Guid(dd68423548c16c047ac1ea1abf44e810) Importer(815301076,1909f56bfc062723c751e8b465ee728b)  -> (artifact id: '15a347c61c3beecf4c606f9f15393468') in 0.127042 seconds
Number of updated asset objects reloaded before import = 0
Number of asset objects unloaded after import = 8
========================================================================
Received Import Request.
  Time since last request: 1.064540 seconds.
  path: Assets/PolygonBattleRoyale/Prefabs/Environments/SM_Env_Beach_01.prefab
  artifactKey: Guid(08d1994c86c73d14eab3e6336b70f750) Importer(815301076,1909f56bfc062723c751e8b465ee728b)
Start importing Assets/PolygonBattleRoyale/Prefabs/Environments/SM_Env_Beach_01.prefab using Guid(08d1994c86c73d14eab3e6336b70f750) Importer(815301076,1909f56bfc062723c751e8b465ee728b)  -> (artifact id: '5cdbc2aec2721430b0d819b7ab7ee04d') in 0.081063 seconds
Number of updated asset objects reloaded before import = 0
Number of asset objects unloaded after import = 9
========================================================================
Received Import Request.
  Time since last request: 0.000015 seconds.
  path: Assets/PolygonBattleRoyale/Prefabs/Environments/SM_Env_Concrete_Base_01.prefab
  artifactKey: Guid(1b02492fc66581741a9c5fd08841f769) Importer(815301076,1909f56bfc062723c751e8b465ee728b)
Start importing Assets/PolygonBattleRoyale/Prefabs/Environments/SM_Env_Concrete_Base_01.prefab using Guid(1b02492fc66581741a9c5fd08841f769) Importer(815301076,1909f56bfc062723c751e8b465ee728b)  -> (artifact id: '93ca4ddf5aeaf3ce5aecfca42938cf08') in 0.021757 seconds
Number of updated asset objects reloaded before import = 0
Number of asset objects unloaded after import = 10
========================================================================
Received Import Request.
  Time since last request: 4.220015 seconds.
  path: Assets/PolygonBattleRoyale/Prefabs/Vehicles/SM_Veh_Light_Car_Destroyed_01.prefab
  artifactKey: Guid(1722a7e7db835f84e99c793413b77078) Importer(815301076,1909f56bfc062723c751e8b465ee728b)
Start importing Assets/PolygonBattleRoyale/Prefabs/Vehicles/SM_Veh_Light_Car_Destroyed_01.prefab using Guid(1722a7e7db835f84e99c793413b77078) Importer(815301076,1909f56bfc062723c751e8b465ee728b)  -> (artifact id: '511ed026974026d21f09fbd8821c672d') in 0.117119 seconds
Number of updated asset objects reloaded before import = 0
Number of asset objects unloaded after import = 9
========================================================================
Received Import Request.
  Time since last request: 0.000017 seconds.
  path: Assets/PolygonBattleRoyale/Prefabs/Vehicles/SM_Veh_Tank_USA_Destroyed_01.prefab
  artifactKey: Guid(57c43a8966d74654c86c3b11e3d5f850) Importer(815301076,1909f56bfc062723c751e8b465ee728b)
Start importing Assets/PolygonBattleRoyale/Prefabs/Vehicles/SM_Veh_Tank_USA_Destroyed_01.prefab using Guid(57c43a8966d74654c86c3b11e3d5f850) Importer(815301076,1909f56bfc062723c751e8b465ee728b)  -> (artifact id: 'fb4abe66c6099652b10dafcc3057c682') in 0.098188 seconds
Number of updated asset objects reloaded before import = 0
Number of asset objects unloaded after import = 16
========================================================================
Received Import Request.
  Time since last request: 0.000020 seconds.
  path: Assets/PolygonBattleRoyale/Prefabs/Vehicles/SM_Veh_Truck_01.prefab
  artifactKey: Guid(f5a0476d9eb4a484a9a808e3730c5889) Importer(815301076,1909f56bfc062723c751e8b465ee728b)
Start importing Assets/PolygonBattleRoyale/Prefabs/Vehicles/SM_Veh_Truck_01.prefab using Guid(f5a0476d9eb4a484a9a808e3730c5889) Importer(815301076,1909f56bfc062723c751e8b465ee728b)  -> (artifact id: 'ac2873b7768806e30776c79de052c30d') in 0.019886 seconds
Number of updated asset objects reloaded before import = 0
Number of asset objects unloaded after import = 55
========================================================================
Received Import Request.
  Time since last request: 1.034156 seconds.
  path: Assets/PolygonBattleRoyale/Prefabs/Vehicles/SM_Veh_Light_Armored_Car_01.prefab
  artifactKey: Guid(a34a62e7c9591364f94846960ee3736d) Importer(815301076,1909f56bfc062723c751e8b465ee728b)
Start importing Assets/PolygonBattleRoyale/Prefabs/Vehicles/SM_Veh_Light_Armored_Car_01.prefab using Guid(a34a62e7c9591364f94846960ee3736d) Importer(815301076,1909f56bfc062723c751e8b465ee728b)  -> (artifact id: '9f92021550e2e7f64ced02c2d730cde1') in 0.018635 seconds
Number of updated asset objects reloaded before import = 0
Number of asset objects unloaded after import = 40
========================================================================
Received Import Request.
  Time since last request: 4.283790 seconds.
  path: Assets/PolygonBattleRoyale/Models/DamageZone.fbx
  artifactKey: Guid(f6fc603ff7134df4aae6e87dabbf2d0b) Importer(815301076,1909f56bfc062723c751e8b465ee728b)
Start importing Assets/PolygonBattleRoyale/Models/DamageZone.fbx using Guid(f6fc603ff7134df4aae6e87dabbf2d0b) Importer(815301076,1909f56bfc062723c751e8b465ee728b)  -> (artifact id: 'f75f6fa755a1b5610f6cb750266bff6b') in 0.093868 seconds
Number of updated asset objects reloaded before import = 0
Number of asset objects unloaded after import = 7
========================================================================
Received Import Request.
  Time since last request: 0.000032 seconds.
  path: Assets/PolygonBattleRoyale/Models/SM_Bld_SmallBuilding_03.fbx
  artifactKey: Guid(99db12fcf1eb82f46900e4fff2a71266) Importer(815301076,1909f56bfc062723c751e8b465ee728b)
Start importing Assets/PolygonBattleRoyale/Models/SM_Bld_SmallBuilding_03.fbx using Guid(99db12fcf1eb82f46900e4fff2a71266) Importer(815301076,1909f56bfc062723c751e8b465ee728b)  -> (artifact id: '51b639c31e9b4b91907aeaa08429e5c7') in 0.049232 seconds
Number of updated asset objects reloaded before import = 0
Number of asset objects unloaded after import = 27
========================================================================
Received Import Request.
  Time since last request: 0.000026 seconds.
  path: Assets/PolygonBattleRoyale/Models/SM_Bld_SmallBuilding_02.fbx
  artifactKey: Guid(55f4384a17f522548bd5a0ede744d387) Importer(815301076,1909f56bfc062723c751e8b465ee728b)
Start importing Assets/PolygonBattleRoyale/Models/SM_Bld_SmallBuilding_02.fbx using Guid(55f4384a17f522548bd5a0ede744d387) Importer(815301076,1909f56bfc062723c751e8b465ee728b)  -> (artifact id: '14c1bb085ce8c34a30dee4fcc78ab15d') in 0.032826 seconds
Number of updated asset objects reloaded before import = 0
Number of asset objects unloaded after import = 17
========================================================================
Received Import Request.
  Time since last request: 2.158921 seconds.
  path: Assets/PolygonBattleRoyale/Models/SM_Bld_Window_Bars_01.fbx
  artifactKey: Guid(3bf7a8c4c120f584f8a5ca9ffc412f5a) Importer(815301076,1909f56bfc062723c751e8b465ee728b)
Start importing Assets/PolygonBattleRoyale/Models/SM_Bld_Window_Bars_01.fbx using Guid(3bf7a8c4c120f584f8a5ca9ffc412f5a) Importer(815301076,1909f56bfc062723c751e8b465ee728b)  -> (artifact id: '0d37cccbf5dd42e801476bb8ecd80bcf') in 0.020930 seconds
Number of updated asset objects reloaded before import = 0
Number of asset objects unloaded after import = 7
========================================================================
Received Import Request.
  Time since last request: 0.327947 seconds.
  path: Assets/PolygonBattleRoyale/Models/SM_Bld_WoodenShack_01.fbx
  artifactKey: Guid(9078fad21019e0141bb2fe97b2b0e0b9) Importer(815301076,1909f56bfc062723c751e8b465ee728b)
Start importing Assets/PolygonBattleRoyale/Models/SM_Bld_WoodenShack_01.fbx using Guid(9078fad21019e0141bb2fe97b2b0e0b9) Importer(815301076,1909f56bfc062723c751e8b465ee728b)  -> (artifact id: '74d98c6a01b461a952d1f9a9537da536') in 0.031540 seconds
Number of updated asset objects reloaded before import = 0
Number of asset objects unloaded after import = 7
========================================================================
Received Import Request.
  Time since last request: 0.026852 seconds.
  path: Assets/PolygonBattleRoyale/Models/SM_Char_Attach_Bag_Lvl1.fbx
  artifactKey: Guid(962d5455d32327449b124c2b63d0ff03) Importer(815301076,1909f56bfc062723c751e8b465ee728b)
Start importing Assets/PolygonBattleRoyale/Models/SM_Char_Attach_Bag_Lvl1.fbx using Guid(962d5455d32327449b124c2b63d0ff03) Importer(815301076,1909f56bfc062723c751e8b465ee728b)  -> (artifact id: 'cc97c6f13546d632a8e9a3da93dbbe78') in 0.017674 seconds
Number of updated asset objects reloaded before import = 0
Number of asset objects unloaded after import = 7
========================================================================
Received Import Request.
  Time since last request: 1.036692 seconds.
  path: Assets/PolygonBattleRoyale/Materials/PolygonBattleRoyale_01_A.mat
  artifactKey: Guid(a74066172cf19cd4bacae3c6600a7217) Importer(815301076,1909f56bfc062723c751e8b465ee728b)
Start importing Assets/PolygonBattleRoyale/Materials/PolygonBattleRoyale_01_A.mat using Guid(a74066172cf19cd4bacae3c6600a7217) Importer(815301076,1909f56bfc062723c751e8b465ee728b)  -> (artifact id: '97161ce4369b69cbf2cef26914d90846') in 0.045034 seconds
Number of updated asset objects reloaded before import = 0
Number of asset objects unloaded after import = 3
========================================================================
Received Import Request.
  Time since last request: 0.000025 seconds.
  path: Assets/PolygonBattleRoyale/Materials/PolygonBattleRoyale_Veh_01.mat
  artifactKey: Guid(efe956fcc48a9a444a666d5d3de9ec34) Importer(815301076,1909f56bfc062723c751e8b465ee728b)
Start importing Assets/PolygonBattleRoyale/Materials/PolygonBattleRoyale_Veh_01.mat using Guid(efe956fcc48a9a444a666d5d3de9ec34) Importer(815301076,1909f56bfc062723c751e8b465ee728b)  -> (artifact id: 'cac7da17b5c02867a90cb1cc208c89dc') in 0.030978 seconds
Number of updated asset objects reloaded before import = 0
Number of asset objects unloaded after import = 2
Editor requested this worker to shutdown with reason: Scaling down because of idle timeout
TcpMessagingSession - receive error: operation aborted. errorcode: 995, details: 스레드 종료 또는 응용 프로그램 요청 때문에 I/O 작업이 취소되었습니다.
AssetImportWorker is now disconnected from the server
Process exiting
Exiting without the bug reporter. Application will terminate with return code 0