Using pre-set license
Built from '2022.3/staging' branch; Version is '2022.3.16f1 (d2c21f0ef2f1) revision 13812255'; Using compiler version '192829333'; Build Type 'Release'
OS: 'Windows 11  (10.0.22621) 64bit Core' Language: 'ko' Physical Memory: 16068 MB
BatchMode: 1, IsHumanControllingUs: 0, StartBugReporterOnCrash: 0, Is64bit: 1, IsPro: 1

COMMAND LINE ARGUMENTS:
C:\Program Files\Unity\Hub\Editor\2022.3.16f1\Editor\Unity.exe
-adb2
-batchMode
-noUpm
-name
AssetImportWorker6
-projectPath
C:/UnityProject/Portpolio_RPG
-logFile
Logs/AssetImportWorker6.log
-srvPort
51201
Successfully changed project path to: C:/UnityProject/Portpolio_RPG
C:/UnityProject/Portpolio_RPG
[UnityMemory] Configuration Parameters - Can be set up in boot.config
    "memorysetup-bucket-allocator-granularity=16"
    "memorysetup-bucket-allocator-bucket-count=8"
    "memorysetup-bucket-allocator-block-size=33554432"
    "memorysetup-bucket-allocator-block-count=8"
    "memorysetup-main-allocator-block-size=16777216"
    "memorysetup-thread-allocator-block-size=16777216"
    "memorysetup-gfx-main-allocator-block-size=16777216"
    "memorysetup-gfx-thread-allocator-block-size=16777216"
    "memorysetup-cache-allocator-block-size=4194304"
    "memorysetup-typetree-allocator-block-size=2097152"
    "memorysetup-profiler-bucket-allocator-granularity=16"
    "memorysetup-profiler-bucket-allocator-bucket-count=8"
    "memorysetup-profiler-bucket-allocator-block-size=33554432"
    "memorysetup-profiler-bucket-allocator-block-count=8"
    "memorysetup-profiler-allocator-block-size=16777216"
    "memorysetup-profiler-editor-allocator-block-size=1048576"
    "memorysetup-temp-allocator-size-main=16777216"
    "memorysetup-job-temp-allocator-block-size=2097152"
    "memorysetup-job-temp-allocator-block-size-background=1048576"
    "memorysetup-job-temp-allocator-reduction-small-platforms=262144"
    "memorysetup-allocator-temp-initial-block-size-main=262144"
    "memorysetup-allocator-temp-initial-block-size-worker=262144"
    "memorysetup-temp-allocator-size-background-worker=32768"
    "memorysetup-temp-allocator-size-job-worker=262144"
    "memorysetup-temp-allocator-size-preload-manager=33554432"
    "memorysetup-temp-allocator-size-nav-mesh-worker=65536"
    "memorysetup-temp-allocator-size-audio-worker=65536"
    "memorysetup-temp-allocator-size-cloud-worker=32768"
    "memorysetup-temp-allocator-size-gi-baking-worker=262144"
    "memorysetup-temp-allocator-size-gfx=262144"
Player connection [24180] Host "[IP] 192.168.45.252 [Port] 0 [Flags] 2 [Guid] 2301322365 [EditorId] 2301322365 [Version] 1048832 [Id] WindowsEditor(7,DESKTOP-FKOCDSU) [Debug] 1 [PackageName] WindowsEditor [ProjectName] Editor" joined multi-casting on [225.0.0.222:54997]...

Player connection [24180] Host "[IP] 192.168.45.252 [Port] 0 [Flags] 2 [Guid] 2301322365 [EditorId] 2301322365 [Version] 1048832 [Id] WindowsEditor(7,DESKTOP-FKOCDSU) [Debug] 1 [PackageName] WindowsEditor [ProjectName] Editor" joined alternative multi-casting on [225.0.0.222:34997]...

[Physics::Module] Initialized MultithreadedJobDispatcher with 15 workers.
Refreshing native plugins compatible for Editor in 2.87 ms, found 2 plugins.
Preloading 0 native plugins for Editor in 0.00 ms.
Initialize engine version: 2022.3.16f1 (d2c21f0ef2f1)
[Subsystems] Discovering subsystems at path C:/Program Files/Unity/Hub/Editor/2022.3.16f1/Editor/Data/Resources/UnitySubsystems
[Subsystems] Discovering subsystems at path C:/UnityProject/Portpolio_RPG/Assets
GfxDevice: creating device client; threaded=0; jobified=0
Direct3D:
    Version:  Direct3D 11.0 [level 11.1]
    Renderer: NVIDIA GeForce RTX 2050 (ID=0x25a9)
    Vendor:   NVIDIA
    VRAM:     3993 MB
    Driver:   30.0.15.1228
Initialize mono
Mono path[0] = 'C:/Program Files/Unity/Hub/Editor/2022.3.16f1/Editor/Data/Managed'
Mono path[1] = 'C:/Program Files/Unity/Hub/Editor/2022.3.16f1/Editor/Data/MonoBleedingEdge/lib/mono/unityjit-win32'
Mono config path = 'C:/Program Files/Unity/Hub/Editor/2022.3.16f1/Editor/Data/MonoBleedingEdge/etc'
Using monoOptions --debugger-agent=transport=dt_socket,embedding=1,server=y,suspend=n,address=127.0.0.1:56000
Begin MonoManager ReloadAssembly
Registering precompiled unity dll's ...
Register platform support module: C:/Program Files/Unity/Hub/Editor/2022.3.16f1/Editor/Data/PlaybackEngines/AndroidPlayer/UnityEditor.Android.Extensions.dll
Register platform support module: C:/Program Files/Unity/Hub/Editor/2022.3.16f1/Editor/Data/PlaybackEngines/WindowsStandaloneSupport/UnityEditor.WindowsStandalone.Extensions.dll
Registered in 0.004483 seconds.
- Loaded All Assemblies, in  0.270 seconds
Native extension for WindowsStandalone target not found
Native extension for Android target not found
Android Extension - Scanning For ADB Devices 194 ms
Mono: successfully reloaded assembly
- Finished resetting the current domain, in  0.486 seconds
Domain Reload Profiling: 755ms
	BeginReloadAssembly (81ms)
		ExecutionOrderSort (0ms)
		DisableScriptedObjects (0ms)
		BackupInstance (0ms)
		ReleaseScriptingObjects (0ms)
		CreateAndSetChildDomain (1ms)
	RebuildCommonClasses (24ms)
	RebuildNativeTypeToScriptingClass (8ms)
	initialDomainReloadingComplete (40ms)
	LoadAllAssembliesAndSetupDomain (116ms)
		LoadAssemblies (80ms)
		RebuildTransferFunctionScriptingTraits (0ms)
		AnalyzeDomain (114ms)
			TypeCache.Refresh (112ms)
				TypeCache.ScanAssembly (101ms)
			ScanForSourceGeneratedMonoScriptInfo (0ms)
			ResolveRequiredComponents (1ms)
	FinalizeReload (486ms)
		ReleaseScriptCaches (0ms)
		RebuildScriptCaches (0ms)
		SetupLoadedEditorAssemblies (434ms)
			LogAssemblyErrors (0ms)
			InitializePlatformSupportModulesInManaged (285ms)
			SetLoadedEditorAssemblies (4ms)
			RefreshPlugins (0ms)
			BeforeProcessingInitializeOnLoad (2ms)
			ProcessInitializeOnLoadAttributes (108ms)
			ProcessInitializeOnLoadMethodAttributes (35ms)
			AfterProcessingInitializeOnLoad (0ms)
			EditorAssembliesLoaded (0ms)
		ExecutionOrderSort2 (0ms)
		AwakeInstancesAfterBackupRestoration (0ms)
========================================================================
Worker process is ready to serve import requests
Begin MonoManager ReloadAssembly
- Loaded All Assemblies, in  0.376 seconds
Refreshing native plugins compatible for Editor in 1.02 ms, found 2 plugins.
Native extension for WindowsStandalone target not found
Native extension for Android target not found
Package Manager log level set to [2]
[Package Manager] Server::EnsureServerProcessIsRunning -- launch failed, reason: Unity was launched with the -noUpm command-line argument
[Package Manager] UpmClient::Send -- Unable to send message (not connected to UPM process).
[Package Manager] Cannot connect to Unity Package Manager local server
Mono: successfully reloaded assembly
- Finished resetting the current domain, in  0.538 seconds
Domain Reload Profiling: 914ms
	BeginReloadAssembly (108ms)
		ExecutionOrderSort (0ms)
		DisableScriptedObjects (5ms)
		BackupInstance (0ms)
		ReleaseScriptingObjects (0ms)
		CreateAndSetChildDomain (17ms)
	RebuildCommonClasses (23ms)
	RebuildNativeTypeToScriptingClass (8ms)
	initialDomainReloadingComplete (28ms)
	LoadAllAssembliesAndSetupDomain (210ms)
		LoadAssemblies (195ms)
		RebuildTransferFunctionScriptingTraits (0ms)
		AnalyzeDomain (74ms)
			TypeCache.Refresh (62ms)
				TypeCache.ScanAssembly (51ms)
			ScanForSourceGeneratedMonoScriptInfo (8ms)
			ResolveRequiredComponents (3ms)
	FinalizeReload (538ms)
		ReleaseScriptCaches (0ms)
		RebuildScriptCaches (0ms)
		SetupLoadedEditorAssemblies (402ms)
			LogAssemblyErrors (0ms)
			InitializePlatformSupportModulesInManaged (20ms)
			SetLoadedEditorAssemblies (4ms)
			RefreshPlugins (0ms)
			BeforeProcessingInitializeOnLoad (48ms)
			ProcessInitializeOnLoadAttributes (301ms)
			ProcessInitializeOnLoadMethodAttributes (24ms)
			AfterProcessingInitializeOnLoad (4ms)
			EditorAssembliesLoaded (1ms)
		ExecutionOrderSort2 (0ms)
		AwakeInstancesAfterBackupRestoration (6ms)
Launched and connected shader compiler UnityShaderCompiler.exe after 0.04 seconds
Refreshing native plugins compatible for Editor in 1.53 ms, found 2 plugins.
Preloading 0 native plugins for Editor in 0.00 ms.
Unloading 1589 Unused Serialized files (Serialized files now loaded: 0)
Unloading 35 unused Assets / (128.3 KB). Loaded Objects now: 2059.
Memory consumption went from 96.0 MB to 95.9 MB.
Total: 3.236700 ms (FindLiveObjects: 0.143600 ms CreateObjectMapping: 0.054000 ms MarkObjects: 2.861400 ms  DeleteObjects: 0.176100 ms)

AssetImportParameters requested are different than current active one (requested -> active):
  custom:video-decoder-webm-vp8: 9c59270c3fd7afecdb556c50c9e8de78 -> 
  custom:SearchIndexIgnoredProperties: e643bd26f0fe6173181afceb89e7c659 -> 
  custom:container-demuxer-ogg: 62fdf1f143b41e24485cea50d1cbac27 -> 
  custom:AudioImporter_EditorPlatform: d09bf68614088b80899f8185d706f6e7 -> 
  custom:video-decoder-ogg-theora: a1e56fd34408186e4bbccfd4996cb3dc -> 
  custom:framework-win-MediaFoundation: 216162199b28c13a410421893ffa2e32 -> 
  custom:video-encoder-webm-vp8: eb34c28f22e8b96e1ab97ce403110664 -> 
  custom:audio-decoder-ogg-vorbis: bf7c407c2cedff20999df2af8eb42d56 -> 
  custom:scripting/monoscript/fileName/CopyMaterialParameter.cs: 60e002c4555e361d0753964b04564015 -> 
  custom:CustomObjectIndexerAttribute: 43b350a4d6e6d1791af0b5038c4bea17 -> 
  custom:container-demuxer-webm: 4f35f7cbe854078d1ac9338744f61a02 -> 
  custom:scripting/monoscript/fileName/RemoveUnusedMaterialProperties.cs: a7d4bd13d48d6a82a97322f0c6834f97 -> 
  custom:audio-encoder-webm-vorbis: bf7c407c2cedff20999df2af8eb42d56 -> 
  custom:scripting/monoscript/fileName/UTS2GUI.cs: 54cfe06be42dca97ca4d033101eef952 -> 
  custom:container-muxer-webm: aa71ff27fc2769a1b78a27578f13a17b -> 
  custom:scripting/monoscript/fileName/RemoveUnusedShaderKeywordsFromUTS2Material.cs: 7cdca1940c966142c15c724bbc7ee1d5 -> 
========================================================================
Received Import Request.
  Time since last request: 369417.286349 seconds.
  path: Assets/ToonyTinyPeople/TT_RTS/TT_RTS_Standard/models/extras/heads/Head_06f.FBX
  artifactKey: Guid(c7a1c4786d1976b4c8be25598b6ac098) Importer(815301076,1909f56bfc062723c751e8b465ee728b)
Start importing Assets/ToonyTinyPeople/TT_RTS/TT_RTS_Standard/models/extras/heads/Head_06f.FBX using Guid(c7a1c4786d1976b4c8be25598b6ac098) Importer(815301076,1909f56bfc062723c751e8b465ee728b)  -> (artifact id: '81270537fc9343e047932dfb199eba49') in 0.117327 seconds
Number of updated asset objects reloaded before import = 0
Number of asset objects unloaded after import = 9
========================================================================
Received Import Request.
  Time since last request: 0.230835 seconds.
  path: Assets/ToonyTinyPeople/TT_RTS/TT_RTS_Standard/models/extras/heads/Head_07b.FBX
  artifactKey: Guid(113e78259b4e3ee4c91ffa7bc3276d10) Importer(815301076,1909f56bfc062723c751e8b465ee728b)
Start importing Assets/ToonyTinyPeople/TT_RTS/TT_RTS_Standard/models/extras/heads/Head_07b.FBX using Guid(113e78259b4e3ee4c91ffa7bc3276d10) Importer(815301076,1909f56bfc062723c751e8b465ee728b)  -> (artifact id: 'f61fe8c7bab27b16eb63e8c262ba8993') in 0.024148 seconds
Number of updated asset objects reloaded before import = 0
Number of asset objects unloaded after import = 9
========================================================================
Received Import Request.
  Time since last request: 0.036586 seconds.
  path: Assets/ToonyTinyPeople/TT_RTS/TT_RTS_Standard/models/extras/heads/Head_07e.FBX
  artifactKey: Guid(5c56b80681a069741b8d918d27416cfe) Importer(815301076,1909f56bfc062723c751e8b465ee728b)
Start importing Assets/ToonyTinyPeople/TT_RTS/TT_RTS_Standard/models/extras/heads/Head_07e.FBX using Guid(5c56b80681a069741b8d918d27416cfe) Importer(815301076,1909f56bfc062723c751e8b465ee728b)  -> (artifact id: '941afe6245771a9778de0f92a0e575e4') in 0.030472 seconds
Number of updated asset objects reloaded before import = 0
Number of asset objects unloaded after import = 9
========================================================================
Received Import Request.
  Time since last request: 0.265890 seconds.
  path: Assets/ToonyTinyPeople/TT_RTS/TT_RTS_Standard/models/extras/heads/Head_08b.FBX
  artifactKey: Guid(f8189f4ddd564a240855ac4c117f35ea) Importer(815301076,1909f56bfc062723c751e8b465ee728b)
Start importing Assets/ToonyTinyPeople/TT_RTS/TT_RTS_Standard/models/extras/heads/Head_08b.FBX using Guid(f8189f4ddd564a240855ac4c117f35ea) Importer(815301076,1909f56bfc062723c751e8b465ee728b)  -> (artifact id: '27fc148f2daf05f0f1259a253c706002') in 0.028447 seconds
Number of updated asset objects reloaded before import = 0
Number of asset objects unloaded after import = 9
========================================================================
Received Import Request.
  Time since last request: 0.029821 seconds.
  path: Assets/ToonyTinyPeople/TT_RTS/TT_RTS_Standard/models/extras/heads/Head_08e.FBX
  artifactKey: Guid(6d8218b9e877fc5428c725dad83a4b62) Importer(815301076,1909f56bfc062723c751e8b465ee728b)
Start importing Assets/ToonyTinyPeople/TT_RTS/TT_RTS_Standard/models/extras/heads/Head_08e.FBX using Guid(6d8218b9e877fc5428c725dad83a4b62) Importer(815301076,1909f56bfc062723c751e8b465ee728b)  -> (artifact id: '3f86d01fa7790236716a587d0367b479') in 0.022521 seconds
Number of updated asset objects reloaded before import = 0
Number of asset objects unloaded after import = 9
========================================================================
Received Import Request.
  Time since last request: 0.317754 seconds.
  path: Assets/ToonyTinyPeople/TT_RTS/TT_RTS_Standard/models/extras/heads/Head_09a.FBX
  artifactKey: Guid(27a4ee06186121241b87a60d40c3d1dc) Importer(815301076,1909f56bfc062723c751e8b465ee728b)
Start importing Assets/ToonyTinyPeople/TT_RTS/TT_RTS_Standard/models/extras/heads/Head_09a.FBX using Guid(27a4ee06186121241b87a60d40c3d1dc) Importer(815301076,1909f56bfc062723c751e8b465ee728b)  -> (artifact id: '71ae35335e859f0ba7173ccde4ee657c') in 0.031734 seconds
Number of updated asset objects reloaded before import = 0
Number of asset objects unloaded after import = 9
========================================================================
Received Import Request.
  Time since last request: 0.056128 seconds.
  path: Assets/ToonyTinyPeople/TT_RTS/TT_RTS_Standard/models/extras/heads/Head_09e.FBX
  artifactKey: Guid(8dd731b1af6552e428302e529b495084) Importer(815301076,1909f56bfc062723c751e8b465ee728b)
Start importing Assets/ToonyTinyPeople/TT_RTS/TT_RTS_Standard/models/extras/heads/Head_09e.FBX using Guid(8dd731b1af6552e428302e529b495084) Importer(815301076,1909f56bfc062723c751e8b465ee728b)  -> (artifact id: 'ac787bfa86fa662dc1ab41d06659dd98') in 0.018829 seconds
Number of updated asset objects reloaded before import = 0
Number of asset objects unloaded after import = 9
========================================================================
Received Import Request.
  Time since last request: 0.274564 seconds.
  path: Assets/ToonyTinyPeople/TT_RTS/TT_RTS_Standard/models/extras/heads/Head_09g.FBX
  artifactKey: Guid(3fb88ada81e427847b3dfd1efda02092) Importer(815301076,1909f56bfc062723c751e8b465ee728b)
Start importing Assets/ToonyTinyPeople/TT_RTS/TT_RTS_Standard/models/extras/heads/Head_09g.FBX using Guid(3fb88ada81e427847b3dfd1efda02092) Importer(815301076,1909f56bfc062723c751e8b465ee728b)  -> (artifact id: 'c92ec0ff4437fe675ca0adadf05cf1d7') in 0.027078 seconds
Number of updated asset objects reloaded before import = 0
Number of asset objects unloaded after import = 9
========================================================================
Received Import Request.
  Time since last request: 0.045615 seconds.
  path: Assets/ToonyTinyPeople/TT_RTS/TT_RTS_Standard/models/extras/heads/Head_10b.FBX
  artifactKey: Guid(8a7cc853b6a4afa4ca3e1b3449f245a5) Importer(815301076,1909f56bfc062723c751e8b465ee728b)
Start importing Assets/ToonyTinyPeople/TT_RTS/TT_RTS_Standard/models/extras/heads/Head_10b.FBX using Guid(8a7cc853b6a4afa4ca3e1b3449f245a5) Importer(815301076,1909f56bfc062723c751e8b465ee728b)  -> (artifact id: 'cda434c35270573e9d1f93f5f62cbc8f') in 0.026908 seconds
Number of updated asset objects reloaded before import = 0
Number of asset objects unloaded after import = 9
========================================================================
Received Import Request.
  Time since last request: 0.261036 seconds.
  path: Assets/ToonyTinyPeople/TT_RTS/TT_RTS_Standard/models/extras/heads/Head_10d.FBX
  artifactKey: Guid(abe5ebb929ad9654883e51c47b9a7747) Importer(815301076,1909f56bfc062723c751e8b465ee728b)
Start importing Assets/ToonyTinyPeople/TT_RTS/TT_RTS_Standard/models/extras/heads/Head_10d.FBX using Guid(abe5ebb929ad9654883e51c47b9a7747) Importer(815301076,1909f56bfc062723c751e8b465ee728b)  -> (artifact id: '03eab05aa9d221bd3afe0662751dc6b1') in 0.025064 seconds
Number of updated asset objects reloaded before import = 0
Number of asset objects unloaded after import = 9
========================================================================
Received Import Request.
  Time since last request: 0.309979 seconds.
  path: Assets/ToonyTinyPeople/TT_RTS/TT_RTS_Standard/models/extras/heads/Head_10h.FBX
  artifactKey: Guid(abd58b6332e28d342837749b55158c4c) Importer(815301076,1909f56bfc062723c751e8b465ee728b)
Start importing Assets/ToonyTinyPeople/TT_RTS/TT_RTS_Standard/models/extras/heads/Head_10h.FBX using Guid(abd58b6332e28d342837749b55158c4c) Importer(815301076,1909f56bfc062723c751e8b465ee728b)  -> (artifact id: 'd8196cd22bacbe562272a871c2b97cc9') in 0.021674 seconds
Number of updated asset objects reloaded before import = 0
Number of asset objects unloaded after import = 9
========================================================================
Received Import Request.
  Time since last request: 0.016974 seconds.
  path: Assets/ToonyTinyPeople/TT_RTS/TT_RTS_Standard/models/extras/heads/Head_11b.FBX
  artifactKey: Guid(2808b44a95e8c184c9d80c08085394ef) Importer(815301076,1909f56bfc062723c751e8b465ee728b)
Start importing Assets/ToonyTinyPeople/TT_RTS/TT_RTS_Standard/models/extras/heads/Head_11b.FBX using Guid(2808b44a95e8c184c9d80c08085394ef) Importer(815301076,1909f56bfc062723c751e8b465ee728b)  -> (artifact id: 'd34a85bca28bca185ce0e48fb49833b6') in 0.018716 seconds
Number of updated asset objects reloaded before import = 0
Number of asset objects unloaded after import = 9
========================================================================
Received Import Request.
  Time since last request: 0.271002 seconds.
  path: Assets/ToonyTinyPeople/TT_RTS/TT_RTS_Standard/models/extras/heads/Head_11e.FBX
  artifactKey: Guid(4c20f1a49dd021844820b8d7457ecb7c) Importer(815301076,1909f56bfc062723c751e8b465ee728b)
Start importing Assets/ToonyTinyPeople/TT_RTS/TT_RTS_Standard/models/extras/heads/Head_11e.FBX using Guid(4c20f1a49dd021844820b8d7457ecb7c) Importer(815301076,1909f56bfc062723c751e8b465ee728b)  -> (artifact id: '1db6109d12fdac3cf63dc93ec2ded139') in 0.021124 seconds
Number of updated asset objects reloaded before import = 0
Number of asset objects unloaded after import = 9
========================================================================
Received Import Request.
  Time since last request: 0.024860 seconds.
  path: Assets/ToonyTinyPeople/TT_RTS/TT_RTS_Standard/models/extras/heads/Head_12c.FBX
  artifactKey: Guid(03472d74155c0ce40b63fd6de0c414eb) Importer(815301076,1909f56bfc062723c751e8b465ee728b)
Start importing Assets/ToonyTinyPeople/TT_RTS/TT_RTS_Standard/models/extras/heads/Head_12c.FBX using Guid(03472d74155c0ce40b63fd6de0c414eb) Importer(815301076,1909f56bfc062723c751e8b465ee728b)  -> (artifact id: '02c843f5cdec7aae41b14a3b5846e9bb') in 0.028587 seconds
Number of updated asset objects reloaded before import = 0
Number of asset objects unloaded after import = 9
========================================================================
Received Import Request.
  Time since last request: 1.545659 seconds.
  path: Assets/ToonyTinyPeople/TT_RTS/TT_RTS_Standard/models/buildings/Barracks.FBX
  artifactKey: Guid(e2f28d7d7478cb64597ebb9077abfe6e) Importer(815301076,1909f56bfc062723c751e8b465ee728b)
Start importing Assets/ToonyTinyPeople/TT_RTS/TT_RTS_Standard/models/buildings/Barracks.FBX using Guid(e2f28d7d7478cb64597ebb9077abfe6e) Importer(815301076,1909f56bfc062723c751e8b465ee728b)  -> (artifact id: '5749dcfa55f4d0b5d99e7d40692b215c') in 0.029553 seconds
Number of updated asset objects reloaded before import = 0
Number of asset objects unloaded after import = 9
========================================================================
Received Import Request.
  Time since last request: 0.000016 seconds.
  path: Assets/ToonyTinyPeople/TT_RTS/TT_RTS_Standard/models/buildings/Farm.FBX
  artifactKey: Guid(520e20395d1150a4c94174228bde0499) Importer(815301076,1909f56bfc062723c751e8b465ee728b)
Start importing Assets/ToonyTinyPeople/TT_RTS/TT_RTS_Standard/models/buildings/Farm.FBX using Guid(520e20395d1150a4c94174228bde0499) Importer(815301076,1909f56bfc062723c751e8b465ee728b)  -> (artifact id: '244f23c8bd9b6a022ff5de43eec12124') in 0.034865 seconds
Number of updated asset objects reloaded before import = 0
Number of asset objects unloaded after import = 9
========================================================================
Received Import Request.
  Time since last request: 0.000014 seconds.
  path: Assets/ToonyTinyPeople/TT_RTS/TT_RTS_Standard/models/buildings/Library.FBX
  artifactKey: Guid(a219455911288e84da9a9c5f55fd95c6) Importer(815301076,1909f56bfc062723c751e8b465ee728b)
Start importing Assets/ToonyTinyPeople/TT_RTS/TT_RTS_Standard/models/buildings/Library.FBX using Guid(a219455911288e84da9a9c5f55fd95c6) Importer(815301076,1909f56bfc062723c751e8b465ee728b)  -> (artifact id: '959a2bf0317d59fca05940e2e0232c01') in 0.041635 seconds
Number of updated asset objects reloaded before import = 0
Number of asset objects unloaded after import = 9
Editor requested this worker to shutdown with reason: Scaling down because of idle timeout
TcpMessagingSession - receive error: operation aborted. errorcode: 995, details: 스레드 종료 또는 응용 프로그램 요청 때문에 I/O 작업이 취소되었습니다.
AssetImportWorker is now disconnected from the server
Process exiting
Exiting without the bug reporter. Application will terminate with return code 0